{"/home/lucas/Projects/Personal/rentX/src/modules/accounts/infra/typeorm/entities/User.ts": {"path":"/home/lucas/Projects/Personal/rentX/src/modules/accounts/infra/typeorm/entities/User.ts","all":false,"statementMap":{"0":{"start":{"line":1,"column":0},"end":{"line":1,"column":73}},"1":{"start":{"line":2,"column":0},"end":{"line":2,"column":35}},"2":{"start":{"line":3,"column":0},"end":{"line":3,"column":0}},"3":{"start":{"line":4,"column":0},"end":{"line":4,"column":16}},"4":{"start":{"line":5,"column":0},"end":{"line":5,"column":12}},"5":{"start":{"line":6,"column":0},"end":{"line":6,"column":18}},"6":{"start":{"line":7,"column":0},"end":{"line":7,"column":12}},"7":{"start":{"line":8,"column":0},"end":{"line":8,"column":0}},"8":{"start":{"line":9,"column":0},"end":{"line":9,"column":11}},"9":{"start":{"line":10,"column":0},"end":{"line":10,"column":14}},"10":{"start":{"line":11,"column":0},"end":{"line":11,"column":0}},"11":{"start":{"line":12,"column":0},"end":{"line":12,"column":11}},"12":{"start":{"line":13,"column":0},"end":{"line":13,"column":18}},"13":{"start":{"line":14,"column":0},"end":{"line":14,"column":0}},"14":{"start":{"line":15,"column":0},"end":{"line":15,"column":11}},"15":{"start":{"line":16,"column":0},"end":{"line":16,"column":15}},"16":{"start":{"line":17,"column":0},"end":{"line":17,"column":0}},"17":{"start":{"line":18,"column":0},"end":{"line":18,"column":11}},"18":{"start":{"line":19,"column":0},"end":{"line":19,"column":18}},"19":{"start":{"line":20,"column":0},"end":{"line":20,"column":0}},"20":{"start":{"line":21,"column":0},"end":{"line":21,"column":11}},"21":{"start":{"line":22,"column":0},"end":{"line":22,"column":23}},"22":{"start":{"line":23,"column":0},"end":{"line":23,"column":0}},"23":{"start":{"line":24,"column":0},"end":{"line":24,"column":11}},"24":{"start":{"line":25,"column":0},"end":{"line":25,"column":18}},"25":{"start":{"line":26,"column":0},"end":{"line":26,"column":0}},"26":{"start":{"line":27,"column":0},"end":{"line":27,"column":11}},"27":{"start":{"line":28,"column":0},"end":{"line":28,"column":16}},"28":{"start":{"line":29,"column":0},"end":{"line":29,"column":0}},"29":{"start":{"line":30,"column":0},"end":{"line":30,"column":21}},"30":{"start":{"line":31,"column":0},"end":{"line":31,"column":17}},"31":{"start":{"line":32,"column":0},"end":{"line":32,"column":0}},"32":{"start":{"line":33,"column":0},"end":{"line":33,"column":14}},"33":{"start":{"line":34,"column":0},"end":{"line":34,"column":17}},"34":{"start":{"line":35,"column":0},"end":{"line":35,"column":21}},"35":{"start":{"line":36,"column":0},"end":{"line":36,"column":18}},"36":{"start":{"line":37,"column":0},"end":{"line":37,"column":21}},"37":{"start":{"line":38,"column":0},"end":{"line":38,"column":26}},"38":{"start":{"line":39,"column":0},"end":{"line":39,"column":18}},"39":{"start":{"line":40,"column":0},"end":{"line":40,"column":5}},"40":{"start":{"line":41,"column":0},"end":{"line":41,"column":22}},"41":{"start":{"line":42,"column":0},"end":{"line":42,"column":20}},"42":{"start":{"line":43,"column":0},"end":{"line":43,"column":28}},"43":{"start":{"line":44,"column":0},"end":{"line":44,"column":22}},"44":{"start":{"line":45,"column":0},"end":{"line":45,"column":28}},"45":{"start":{"line":46,"column":0},"end":{"line":46,"column":38}},"46":{"start":{"line":47,"column":0},"end":{"line":47,"column":24}},"47":{"start":{"line":48,"column":0},"end":{"line":48,"column":31}},"48":{"start":{"line":49,"column":0},"end":{"line":49,"column":24}},"49":{"start":{"line":50,"column":0},"end":{"line":50,"column":3}},"50":{"start":{"line":51,"column":0},"end":{"line":51,"column":1}},"51":{"start":{"line":52,"column":0},"end":{"line":52,"column":0}},"52":{"start":{"line":53,"column":0},"end":{"line":53,"column":15}}},"s":{"0":1,"1":1,"2":1,"3":1,"4":1,"5":1,"6":1,"7":1,"8":1,"9":1,"10":1,"11":1,"12":1,"13":1,"14":1,"15":1,"16":1,"17":1,"18":1,"19":1,"20":1,"21":1,"22":1,"23":1,"24":1,"25":1,"26":1,"27":1,"28":1,"29":1,"30":1,"31":1,"32":1,"33":2,"34":2,"35":2,"36":2,"37":2,"38":2,"39":2,"40":2,"41":2,"42":2,"43":2,"44":2,"45":2,"46":2,"47":2,"48":2,"49":2,"50":1,"51":1,"52":1},"branchMap":{"0":{"type":"branch","line":33,"loc":{"start":{"line":33,"column":2},"end":{"line":50,"column":3}},"locations":[{"start":{"line":33,"column":2},"end":{"line":50,"column":3}}]}},"b":{"0":[2]},"fnMap":{"0":{"name":"User","decl":{"start":{"line":33,"column":2},"end":{"line":50,"column":3}},"loc":{"start":{"line":33,"column":2},"end":{"line":50,"column":3}},"line":33}},"f":{"0":2}}
,"/home/lucas/Projects/Personal/rentX/src/modules/accounts/infra/typeorm/entities/index.ts": {"path":"/home/lucas/Projects/Personal/rentX/src/modules/accounts/infra/typeorm/entities/index.ts","all":false,"statementMap":{"0":{"start":{"line":1,"column":0},"end":{"line":1,"column":22}}},"s":{"0":1},"branchMap":{},"b":{},"fnMap":{},"f":{}}
,"/home/lucas/Projects/Personal/rentX/src/modules/accounts/repositories/IUsersRepository.ts": {"path":"/home/lucas/Projects/Personal/rentX/src/modules/accounts/repositories/IUsersRepository.ts","all":false,"statementMap":{"0":{"start":{"line":1,"column":0},"end":{"line":1,"column":45}},"1":{"start":{"line":2,"column":0},"end":{"line":2,"column":48}},"2":{"start":{"line":3,"column":0},"end":{"line":3,"column":0}},"3":{"start":{"line":4,"column":0},"end":{"line":4,"column":28}},"4":{"start":{"line":5,"column":0},"end":{"line":5,"column":50}},"5":{"start":{"line":6,"column":0},"end":{"line":6,"column":33}},"6":{"start":{"line":7,"column":0},"end":{"line":7,"column":55}},"7":{"start":{"line":8,"column":0},"end":{"line":8,"column":49}},"8":{"start":{"line":9,"column":0},"end":{"line":9,"column":61}},"9":{"start":{"line":10,"column":0},"end":{"line":10,"column":1}},"10":{"start":{"line":11,"column":0},"end":{"line":11,"column":0}},"11":{"start":{"line":12,"column":0},"end":{"line":12,"column":27}}},"s":{"0":1,"1":1,"2":1,"3":1,"4":1,"5":1,"6":1,"7":1,"8":1,"9":1,"10":1,"11":1},"branchMap":{},"b":{},"fnMap":{},"f":{}}
,"/home/lucas/Projects/Personal/rentX/src/modules/accounts/repositories/index.ts": {"path":"/home/lucas/Projects/Personal/rentX/src/modules/accounts/repositories/index.ts","all":false,"statementMap":{"0":{"start":{"line":1,"column":0},"end":{"line":1,"column":51}},"1":{"start":{"line":2,"column":0},"end":{"line":2,"column":34}}},"s":{"0":1,"1":1},"branchMap":{},"b":{},"fnMap":{},"f":{}}
,"/home/lucas/Projects/Personal/rentX/src/modules/accounts/repositories/in-memory/UsersRepositoryInMemory.ts": {"path":"/home/lucas/Projects/Personal/rentX/src/modules/accounts/repositories/in-memory/UsersRepositoryInMemory.ts","all":false,"statementMap":{"0":{"start":{"line":1,"column":0},"end":{"line":1,"column":60}},"1":{"start":{"line":2,"column":0},"end":{"line":2,"column":63}},"2":{"start":{"line":3,"column":0},"end":{"line":3,"column":54}},"3":{"start":{"line":4,"column":0},"end":{"line":4,"column":0}},"4":{"start":{"line":5,"column":0},"end":{"line":5,"column":59}},"5":{"start":{"line":6,"column":0},"end":{"line":6,"column":23}},"6":{"start":{"line":7,"column":0},"end":{"line":7,"column":0}},"7":{"start":{"line":8,"column":0},"end":{"line":8,"column":17}},"8":{"start":{"line":9,"column":0},"end":{"line":9,"column":19}},"9":{"start":{"line":10,"column":0},"end":{"line":10,"column":3}},"10":{"start":{"line":11,"column":0},"end":{"line":11,"column":0}},"11":{"start":{"line":12,"column":0},"end":{"line":12,"column":58}},"12":{"start":{"line":13,"column":0},"end":{"line":13,"column":26}},"13":{"start":{"line":14,"column":0},"end":{"line":14,"column":16}},"14":{"start":{"line":15,"column":0},"end":{"line":15,"column":20}},"15":{"start":{"line":16,"column":0},"end":{"line":16,"column":17}},"16":{"start":{"line":17,"column":0},"end":{"line":17,"column":20}},"17":{"start":{"line":18,"column":0},"end":{"line":18,"column":25}},"18":{"start":{"line":19,"column":0},"end":{"line":19,"column":18}},"19":{"start":{"line":20,"column":0},"end":{"line":20,"column":5}},"20":{"start":{"line":21,"column":0},"end":{"line":21,"column":0}},"21":{"start":{"line":22,"column":0},"end":{"line":22,"column":25}},"22":{"start":{"line":23,"column":0},"end":{"line":23,"column":3}},"23":{"start":{"line":24,"column":0},"end":{"line":24,"column":0}},"24":{"start":{"line":25,"column":0},"end":{"line":25,"column":41}},"25":{"start":{"line":26,"column":0},"end":{"line":26,"column":25}},"26":{"start":{"line":27,"column":0},"end":{"line":27,"column":3}},"27":{"start":{"line":28,"column":0},"end":{"line":28,"column":0}},"28":{"start":{"line":29,"column":0},"end":{"line":29,"column":63}},"29":{"start":{"line":30,"column":0},"end":{"line":30,"column":58}},"30":{"start":{"line":31,"column":0},"end":{"line":31,"column":3}},"31":{"start":{"line":32,"column":0},"end":{"line":32,"column":0}},"32":{"start":{"line":33,"column":0},"end":{"line":33,"column":57}},"33":{"start":{"line":34,"column":0},"end":{"line":34,"column":52}},"34":{"start":{"line":35,"column":0},"end":{"line":35,"column":3}},"35":{"start":{"line":36,"column":0},"end":{"line":36,"column":0}},"36":{"start":{"line":37,"column":0},"end":{"line":37,"column":69}},"37":{"start":{"line":38,"column":0},"end":{"line":38,"column":64}},"38":{"start":{"line":39,"column":0},"end":{"line":39,"column":3}},"39":{"start":{"line":40,"column":0},"end":{"line":40,"column":1}},"40":{"start":{"line":41,"column":0},"end":{"line":41,"column":0}},"41":{"start":{"line":42,"column":0},"end":{"line":42,"column":34}}},"s":{"0":1,"1":1,"2":1,"3":1,"4":1,"5":1,"6":1,"7":1,"8":6,"9":6,"10":1,"11":1,"12":2,"13":2,"14":2,"15":2,"16":2,"17":2,"18":2,"19":2,"20":2,"21":2,"22":2,"23":1,"24":1,"25":2,"26":2,"27":1,"28":1,"29":8,"30":8,"31":1,"32":1,"33":0,"34":0,"35":1,"36":1,"37":5,"38":5,"39":1,"40":1,"41":1},"branchMap":{"0":{"type":"branch","line":8,"loc":{"start":{"line":8,"column":2},"end":{"line":10,"column":3}},"locations":[{"start":{"line":8,"column":2},"end":{"line":10,"column":3}}]},"1":{"type":"branch","line":12,"loc":{"start":{"line":12,"column":8},"end":{"line":23,"column":3}},"locations":[{"start":{"line":12,"column":8},"end":{"line":23,"column":3}}]},"2":{"type":"branch","line":25,"loc":{"start":{"line":25,"column":8},"end":{"line":27,"column":3}},"locations":[{"start":{"line":25,"column":8},"end":{"line":27,"column":3}}]},"3":{"type":"branch","line":29,"loc":{"start":{"line":29,"column":8},"end":{"line":31,"column":3}},"locations":[{"start":{"line":29,"column":8},"end":{"line":31,"column":3}}]},"4":{"type":"branch","line":30,"loc":{"start":{"line":30,"column":27},"end":{"line":30,"column":57}},"locations":[{"start":{"line":30,"column":27},"end":{"line":30,"column":57}}]},"5":{"type":"branch","line":37,"loc":{"start":{"line":37,"column":8},"end":{"line":39,"column":3}},"locations":[{"start":{"line":37,"column":8},"end":{"line":39,"column":3}}]}},"b":{"0":[6],"1":[2],"2":[2],"3":[8],"4":[2],"5":[5]},"fnMap":{"0":{"name":"UsersRepositoryInMemory","decl":{"start":{"line":8,"column":2},"end":{"line":10,"column":3}},"loc":{"start":{"line":8,"column":2},"end":{"line":10,"column":3}},"line":8},"1":{"name":"create","decl":{"start":{"line":12,"column":8},"end":{"line":23,"column":3}},"loc":{"start":{"line":12,"column":8},"end":{"line":23,"column":3}},"line":12},"2":{"name":"save","decl":{"start":{"line":25,"column":8},"end":{"line":27,"column":3}},"loc":{"start":{"line":25,"column":8},"end":{"line":27,"column":3}},"line":25},"3":{"name":"findByEmail","decl":{"start":{"line":29,"column":8},"end":{"line":31,"column":3}},"loc":{"start":{"line":29,"column":8},"end":{"line":31,"column":3}},"line":29},"4":{"name":"findById","decl":{"start":{"line":33,"column":8},"end":{"line":35,"column":3}},"loc":{"start":{"line":33,"column":8},"end":{"line":35,"column":3}},"line":33},"5":{"name":"findByUsername","decl":{"start":{"line":37,"column":8},"end":{"line":39,"column":3}},"loc":{"start":{"line":37,"column":8},"end":{"line":39,"column":3}},"line":37}},"f":{"0":6,"1":2,"2":2,"3":8,"4":0,"5":5}}
,"/home/lucas/Projects/Personal/rentX/src/modules/accounts/useCases/userAuthentication/UserAuthenticationUseCase.ts": {"path":"/home/lucas/Projects/Personal/rentX/src/modules/accounts/useCases/userAuthentication/UserAuthenticationUseCase.ts","all":false,"statementMap":{"0":{"start":{"line":1,"column":0},"end":{"line":1,"column":32}},"1":{"start":{"line":2,"column":0},"end":{"line":2,"column":35}},"2":{"start":{"line":3,"column":0},"end":{"line":3,"column":45}},"3":{"start":{"line":4,"column":0},"end":{"line":4,"column":0}},"4":{"start":{"line":5,"column":0},"end":{"line":5,"column":41}},"5":{"start":{"line":6,"column":0},"end":{"line":6,"column":8}},"6":{"start":{"line":7,"column":0},"end":{"line":7,"column":28}},"7":{"start":{"line":8,"column":0},"end":{"line":8,"column":28}},"8":{"start":{"line":9,"column":0},"end":{"line":9,"column":31}},"9":{"start":{"line":10,"column":0},"end":{"line":10,"column":65}},"10":{"start":{"line":11,"column":0},"end":{"line":11,"column":0}},"11":{"start":{"line":12,"column":0},"end":{"line":12,"column":13}},"12":{"start":{"line":13,"column":0},"end":{"line":13,"column":33}},"13":{"start":{"line":14,"column":0},"end":{"line":14,"column":14}},"14":{"start":{"line":15,"column":0},"end":{"line":15,"column":30}},"15":{"start":{"line":16,"column":0},"end":{"line":16,"column":45}},"16":{"start":{"line":17,"column":0},"end":{"line":17,"column":6}},"17":{"start":{"line":18,"column":0},"end":{"line":18,"column":0}},"18":{"start":{"line":19,"column":0},"end":{"line":19,"column":17}},"19":{"start":{"line":20,"column":0},"end":{"line":20,"column":10}},"20":{"start":{"line":21,"column":0},"end":{"line":21,"column":12}},"21":{"start":{"line":22,"column":0},"end":{"line":22,"column":70}},"22":{"start":{"line":23,"column":0},"end":{"line":23,"column":62}},"23":{"start":{"line":24,"column":0},"end":{"line":24,"column":0}},"24":{"start":{"line":25,"column":0},"end":{"line":25,"column":16}},"25":{"start":{"line":26,"column":0},"end":{"line":26,"column":55}},"26":{"start":{"line":27,"column":0},"end":{"line":27,"column":5}},"27":{"start":{"line":28,"column":0},"end":{"line":28,"column":0}},"28":{"start":{"line":29,"column":0},"end":{"line":29,"column":64}},"29":{"start":{"line":30,"column":0},"end":{"line":30,"column":0}},"30":{"start":{"line":31,"column":0},"end":{"line":31,"column":25}},"31":{"start":{"line":32,"column":0},"end":{"line":32,"column":55}},"32":{"start":{"line":33,"column":0},"end":{"line":33,"column":5}},"33":{"start":{"line":34,"column":0},"end":{"line":34,"column":0}},"34":{"start":{"line":35,"column":0},"end":{"line":35,"column":64}},"35":{"start":{"line":36,"column":0},"end":{"line":36,"column":23}},"36":{"start":{"line":37,"column":0},"end":{"line":37,"column":21}},"37":{"start":{"line":38,"column":0},"end":{"line":38,"column":6}},"38":{"start":{"line":39,"column":0},"end":{"line":39,"column":0}},"39":{"start":{"line":40,"column":0},"end":{"line":40,"column":12}},"40":{"start":{"line":41,"column":0},"end":{"line":41,"column":13}},"41":{"start":{"line":42,"column":0},"end":{"line":42,"column":24}},"42":{"start":{"line":43,"column":0},"end":{"line":43,"column":25}},"43":{"start":{"line":44,"column":0},"end":{"line":44,"column":8}},"44":{"start":{"line":45,"column":0},"end":{"line":45,"column":11}},"45":{"start":{"line":46,"column":0},"end":{"line":46,"column":5}},"46":{"start":{"line":47,"column":0},"end":{"line":47,"column":3}},"47":{"start":{"line":48,"column":0},"end":{"line":48,"column":1}},"48":{"start":{"line":49,"column":0},"end":{"line":49,"column":0}},"49":{"start":{"line":50,"column":0},"end":{"line":50,"column":36}}},"s":{"0":1,"1":1,"2":1,"3":1,"4":1,"5":1,"6":1,"7":1,"8":1,"9":1,"10":1,"11":1,"12":1,"13":1,"14":3,"15":3,"16":3,"17":1,"18":1,"19":2,"20":2,"21":2,"22":2,"23":2,"24":2,"25":1,"26":1,"27":1,"28":1,"29":1,"30":2,"31":0,"32":0,"33":1,"34":1,"35":1,"36":1,"37":1,"38":1,"39":1,"40":1,"41":1,"42":1,"43":1,"44":1,"45":1,"46":1,"47":1,"48":1,"49":1},"branchMap":{"0":{"type":"branch","line":14,"loc":{"start":{"line":14,"column":2},"end":{"line":17,"column":6}},"locations":[{"start":{"line":14,"column":2},"end":{"line":17,"column":6}}]},"1":{"type":"branch","line":19,"loc":{"start":{"line":19,"column":8},"end":{"line":47,"column":3}},"locations":[{"start":{"line":19,"column":8},"end":{"line":47,"column":3}}]},"2":{"type":"branch","line":25,"loc":{"start":{"line":25,"column":15},"end":{"line":31,"column":24}},"locations":[{"start":{"line":25,"column":15},"end":{"line":31,"column":24}}]},"3":{"type":"branch","line":31,"loc":{"start":{"line":31,"column":24},"end":{"line":33,"column":5}},"locations":[{"start":{"line":31,"column":24},"end":{"line":33,"column":5}}]},"4":{"type":"branch","line":34,"loc":{"start":{"line":34,"column":-1},"end":{"line":47,"column":3}},"locations":[{"start":{"line":34,"column":-1},"end":{"line":47,"column":3}}]}},"b":{"0":[3],"1":[2],"2":[1],"3":[0],"4":[1]},"fnMap":{"0":{"name":"UserAuthenticationUseCase","decl":{"start":{"line":14,"column":2},"end":{"line":17,"column":6}},"loc":{"start":{"line":14,"column":2},"end":{"line":17,"column":6}},"line":14},"1":{"name":"execute","decl":{"start":{"line":19,"column":8},"end":{"line":47,"column":3}},"loc":{"start":{"line":19,"column":8},"end":{"line":47,"column":3}},"line":19}},"f":{"0":3,"1":2}}
,"/home/lucas/Projects/Personal/rentX/src/modules/accounts/useCases/userCreation/UserCreationUseCase.ts": {"path":"/home/lucas/Projects/Personal/rentX/src/modules/accounts/useCases/userCreation/UserCreationUseCase.ts","all":false,"statementMap":{"0":{"start":{"line":1,"column":0},"end":{"line":1,"column":29}},"1":{"start":{"line":2,"column":0},"end":{"line":2,"column":45}},"2":{"start":{"line":3,"column":0},"end":{"line":3,"column":0}},"3":{"start":{"line":4,"column":0},"end":{"line":4,"column":41}},"4":{"start":{"line":5,"column":0},"end":{"line":5,"column":60}},"5":{"start":{"line":6,"column":0},"end":{"line":6,"column":65}},"6":{"start":{"line":7,"column":0},"end":{"line":7,"column":0}},"7":{"start":{"line":8,"column":0},"end":{"line":8,"column":13}},"8":{"start":{"line":9,"column":0},"end":{"line":9,"column":27}},"9":{"start":{"line":10,"column":0},"end":{"line":10,"column":14}},"10":{"start":{"line":11,"column":0},"end":{"line":11,"column":30}},"11":{"start":{"line":12,"column":0},"end":{"line":12,"column":45}},"12":{"start":{"line":13,"column":0},"end":{"line":13,"column":6}},"13":{"start":{"line":14,"column":0},"end":{"line":14,"column":0}},"14":{"start":{"line":15,"column":0},"end":{"line":15,"column":17}},"15":{"start":{"line":16,"column":0},"end":{"line":16,"column":9}},"16":{"start":{"line":17,"column":0},"end":{"line":17,"column":13}},"17":{"start":{"line":18,"column":0},"end":{"line":18,"column":10}},"18":{"start":{"line":19,"column":0},"end":{"line":19,"column":13}},"19":{"start":{"line":20,"column":0},"end":{"line":20,"column":17}},"20":{"start":{"line":21,"column":0},"end":{"line":21,"column":27}},"21":{"start":{"line":22,"column":0},"end":{"line":22,"column":75}},"22":{"start":{"line":23,"column":0},"end":{"line":23,"column":0}},"23":{"start":{"line":24,"column":0},"end":{"line":24,"column":28}},"24":{"start":{"line":25,"column":0},"end":{"line":25,"column":48}},"25":{"start":{"line":26,"column":0},"end":{"line":26,"column":5}},"26":{"start":{"line":27,"column":0},"end":{"line":27,"column":0}},"27":{"start":{"line":28,"column":0},"end":{"line":28,"column":75}},"28":{"start":{"line":29,"column":0},"end":{"line":29,"column":14}},"29":{"start":{"line":30,"column":0},"end":{"line":30,"column":5}},"30":{"start":{"line":31,"column":0},"end":{"line":31,"column":0}},"31":{"start":{"line":32,"column":0},"end":{"line":32,"column":31}},"32":{"start":{"line":33,"column":0},"end":{"line":33,"column":51}},"33":{"start":{"line":34,"column":0},"end":{"line":34,"column":5}},"34":{"start":{"line":35,"column":0},"end":{"line":35,"column":0}},"35":{"start":{"line":36,"column":0},"end":{"line":36,"column":50}},"36":{"start":{"line":37,"column":0},"end":{"line":37,"column":0}},"37":{"start":{"line":38,"column":0},"end":{"line":38,"column":39}},"38":{"start":{"line":39,"column":0},"end":{"line":39,"column":11}},"39":{"start":{"line":40,"column":0},"end":{"line":40,"column":15}},"40":{"start":{"line":41,"column":0},"end":{"line":41,"column":12}},"41":{"start":{"line":42,"column":0},"end":{"line":42,"column":31}},"42":{"start":{"line":43,"column":0},"end":{"line":43,"column":19}},"43":{"start":{"line":44,"column":0},"end":{"line":44,"column":6}},"44":{"start":{"line":45,"column":0},"end":{"line":45,"column":3}},"45":{"start":{"line":46,"column":0},"end":{"line":46,"column":1}},"46":{"start":{"line":47,"column":0},"end":{"line":47,"column":0}},"47":{"start":{"line":48,"column":0},"end":{"line":48,"column":30}}},"s":{"0":1,"1":1,"2":1,"3":1,"4":1,"5":1,"6":1,"7":1,"8":1,"9":1,"10":6,"11":6,"12":6,"13":1,"14":1,"15":5,"16":5,"17":5,"18":5,"19":5,"20":5,"21":5,"22":5,"23":5,"24":0,"25":0,"26":5,"27":5,"28":5,"29":5,"30":5,"31":5,"32":0,"33":0,"34":5,"35":5,"36":2,"37":2,"38":2,"39":2,"40":2,"41":2,"42":2,"43":2,"44":2,"45":1,"46":1,"47":1},"branchMap":{"0":{"type":"branch","line":10,"loc":{"start":{"line":10,"column":2},"end":{"line":13,"column":6}},"locations":[{"start":{"line":10,"column":2},"end":{"line":13,"column":6}}]},"1":{"type":"branch","line":15,"loc":{"start":{"line":15,"column":8},"end":{"line":45,"column":3}},"locations":[{"start":{"line":15,"column":8},"end":{"line":45,"column":3}}]},"2":{"type":"branch","line":24,"loc":{"start":{"line":24,"column":27},"end":{"line":26,"column":5}},"locations":[{"start":{"line":24,"column":27},"end":{"line":26,"column":5}}]},"3":{"type":"branch","line":32,"loc":{"start":{"line":32,"column":30},"end":{"line":34,"column":5}},"locations":[{"start":{"line":32,"column":30},"end":{"line":34,"column":5}}]},"4":{"type":"branch","line":37,"loc":{"start":{"line":37,"column":-1},"end":{"line":45,"column":3}},"locations":[{"start":{"line":37,"column":-1},"end":{"line":45,"column":3}}]}},"b":{"0":[6],"1":[5],"2":[0],"3":[0],"4":[2]},"fnMap":{"0":{"name":"UserCreationUseCase","decl":{"start":{"line":10,"column":2},"end":{"line":13,"column":6}},"loc":{"start":{"line":10,"column":2},"end":{"line":13,"column":6}},"line":10},"1":{"name":"execute","decl":{"start":{"line":15,"column":8},"end":{"line":45,"column":3}},"loc":{"start":{"line":15,"column":8},"end":{"line":45,"column":3}},"line":15}},"f":{"0":6,"1":5}}
,"/home/lucas/Projects/Personal/rentX/src/modules/cars/infra/typeorm/entities/Category.ts": {"path":"/home/lucas/Projects/Personal/rentX/src/modules/cars/infra/typeorm/entities/Category.ts","all":false,"statementMap":{"0":{"start":{"line":1,"column":0},"end":{"line":1,"column":35}},"1":{"start":{"line":2,"column":0},"end":{"line":2,"column":73}},"2":{"start":{"line":3,"column":0},"end":{"line":3,"column":0}},"3":{"start":{"line":4,"column":0},"end":{"line":4,"column":21}},"4":{"start":{"line":5,"column":0},"end":{"line":5,"column":16}},"5":{"start":{"line":6,"column":0},"end":{"line":6,"column":18}},"6":{"start":{"line":7,"column":0},"end":{"line":7,"column":12}},"7":{"start":{"line":8,"column":0},"end":{"line":8,"column":0}},"8":{"start":{"line":9,"column":0},"end":{"line":9,"column":11}},"9":{"start":{"line":10,"column":0},"end":{"line":10,"column":14}},"10":{"start":{"line":11,"column":0},"end":{"line":11,"column":0}},"11":{"start":{"line":12,"column":0},"end":{"line":12,"column":11}},"12":{"start":{"line":13,"column":0},"end":{"line":13,"column":21}},"13":{"start":{"line":14,"column":0},"end":{"line":14,"column":0}},"14":{"start":{"line":15,"column":0},"end":{"line":15,"column":21}},"15":{"start":{"line":16,"column":0},"end":{"line":16,"column":17}},"16":{"start":{"line":17,"column":0},"end":{"line":17,"column":0}},"17":{"start":{"line":18,"column":0},"end":{"line":18,"column":50}},"18":{"start":{"line":19,"column":0},"end":{"line":19,"column":22}},"19":{"start":{"line":20,"column":0},"end":{"line":20,"column":20}},"20":{"start":{"line":21,"column":0},"end":{"line":21,"column":34}},"21":{"start":{"line":22,"column":0},"end":{"line":22,"column":31}},"22":{"start":{"line":23,"column":0},"end":{"line":23,"column":3}},"23":{"start":{"line":24,"column":0},"end":{"line":24,"column":1}},"24":{"start":{"line":25,"column":0},"end":{"line":25,"column":0}},"25":{"start":{"line":26,"column":0},"end":{"line":26,"column":19}}},"s":{"0":1,"1":1,"2":1,"3":1,"4":1,"5":1,"6":1,"7":1,"8":1,"9":1,"10":1,"11":1,"12":1,"13":1,"14":1,"15":1,"16":1,"17":1,"18":11,"19":11,"20":11,"21":11,"22":11,"23":1,"24":1,"25":1},"branchMap":{"0":{"type":"branch","line":18,"loc":{"start":{"line":18,"column":2},"end":{"line":23,"column":3}},"locations":[{"start":{"line":18,"column":2},"end":{"line":23,"column":3}}]}},"b":{"0":[11]},"fnMap":{"0":{"name":"Category","decl":{"start":{"line":18,"column":2},"end":{"line":23,"column":3}},"loc":{"start":{"line":18,"column":2},"end":{"line":23,"column":3}},"line":18}},"f":{"0":11}}
,"/home/lucas/Projects/Personal/rentX/src/modules/cars/infra/typeorm/entities/Specification.ts": {"path":"/home/lucas/Projects/Personal/rentX/src/modules/cars/infra/typeorm/entities/Specification.ts","all":false,"statementMap":{"0":{"start":{"line":1,"column":0},"end":{"line":1,"column":73}},"1":{"start":{"line":2,"column":0},"end":{"line":2,"column":35}},"2":{"start":{"line":3,"column":0},"end":{"line":3,"column":0}},"3":{"start":{"line":4,"column":0},"end":{"line":4,"column":25}},"4":{"start":{"line":5,"column":0},"end":{"line":5,"column":28}},"5":{"start":{"line":6,"column":0},"end":{"line":6,"column":18}},"6":{"start":{"line":7,"column":0},"end":{"line":7,"column":13}},"7":{"start":{"line":8,"column":0},"end":{"line":8,"column":0}},"8":{"start":{"line":9,"column":0},"end":{"line":9,"column":11}},"9":{"start":{"line":10,"column":0},"end":{"line":10,"column":14}},"10":{"start":{"line":11,"column":0},"end":{"line":11,"column":0}},"11":{"start":{"line":12,"column":0},"end":{"line":12,"column":11}},"12":{"start":{"line":13,"column":0},"end":{"line":13,"column":21}},"13":{"start":{"line":14,"column":0},"end":{"line":14,"column":0}},"14":{"start":{"line":15,"column":0},"end":{"line":15,"column":21}},"15":{"start":{"line":16,"column":0},"end":{"line":16,"column":17}},"16":{"start":{"line":17,"column":0},"end":{"line":17,"column":0}},"17":{"start":{"line":18,"column":0},"end":{"line":18,"column":50}},"18":{"start":{"line":19,"column":0},"end":{"line":19,"column":22}},"19":{"start":{"line":20,"column":0},"end":{"line":20,"column":20}},"20":{"start":{"line":21,"column":0},"end":{"line":21,"column":34}},"21":{"start":{"line":22,"column":0},"end":{"line":22,"column":31}},"22":{"start":{"line":23,"column":0},"end":{"line":23,"column":3}},"23":{"start":{"line":24,"column":0},"end":{"line":24,"column":1}}},"s":{"0":1,"1":1,"2":1,"3":1,"4":1,"5":1,"6":1,"7":1,"8":1,"9":1,"10":1,"11":1,"12":1,"13":1,"14":1,"15":1,"16":1,"17":1,"18":11,"19":11,"20":11,"21":11,"22":11,"23":1},"branchMap":{"0":{"type":"branch","line":18,"loc":{"start":{"line":18,"column":2},"end":{"line":23,"column":3}},"locations":[{"start":{"line":18,"column":2},"end":{"line":23,"column":3}}]}},"b":{"0":[11]},"fnMap":{"0":{"name":"Specification","decl":{"start":{"line":18,"column":2},"end":{"line":23,"column":3}},"loc":{"start":{"line":18,"column":2},"end":{"line":23,"column":3}},"line":18}},"f":{"0":11}}
,"/home/lucas/Projects/Personal/rentX/src/modules/cars/infra/typeorm/entities/index.ts": {"path":"/home/lucas/Projects/Personal/rentX/src/modules/cars/infra/typeorm/entities/index.ts","all":false,"statementMap":{"0":{"start":{"line":1,"column":0},"end":{"line":1,"column":26}},"1":{"start":{"line":2,"column":0},"end":{"line":2,"column":31}}},"s":{"0":1,"1":1},"branchMap":{},"b":{},"fnMap":{},"f":{}}
,"/home/lucas/Projects/Personal/rentX/src/modules/cars/repositories/ICategoriesRepository.ts": {"path":"/home/lucas/Projects/Personal/rentX/src/modules/cars/repositories/ICategoriesRepository.ts","all":false,"statementMap":{"0":{"start":{"line":1,"column":0},"end":{"line":1,"column":49}},"1":{"start":{"line":2,"column":0},"end":{"line":2,"column":52}},"2":{"start":{"line":3,"column":0},"end":{"line":3,"column":0}},"3":{"start":{"line":4,"column":0},"end":{"line":4,"column":40}},"4":{"start":{"line":5,"column":0},"end":{"line":5,"column":71}},"5":{"start":{"line":6,"column":0},"end":{"line":6,"column":41}},"6":{"start":{"line":7,"column":0},"end":{"line":7,"column":29}},"7":{"start":{"line":8,"column":0},"end":{"line":8,"column":57}},"8":{"start":{"line":9,"column":0},"end":{"line":9,"column":1}}},"s":{"0":1,"1":1,"2":1,"3":1,"4":1,"5":1,"6":1,"7":1,"8":1},"branchMap":{},"b":{},"fnMap":{},"f":{}}
,"/home/lucas/Projects/Personal/rentX/src/modules/cars/repositories/ISpecificationsRepository.ts": {"path":"/home/lucas/Projects/Personal/rentX/src/modules/cars/repositories/ISpecificationsRepository.ts","all":false,"statementMap":{"0":{"start":{"line":1,"column":0},"end":{"line":1,"column":57}},"1":{"start":{"line":2,"column":0},"end":{"line":2,"column":54}},"2":{"start":{"line":3,"column":0},"end":{"line":3,"column":0}},"3":{"start":{"line":4,"column":0},"end":{"line":4,"column":44}},"4":{"start":{"line":5,"column":0},"end":{"line":5,"column":76}},"5":{"start":{"line":6,"column":0},"end":{"line":6,"column":51}},"6":{"start":{"line":7,"column":0},"end":{"line":7,"column":34}},"7":{"start":{"line":8,"column":0},"end":{"line":8,"column":62}},"8":{"start":{"line":9,"column":0},"end":{"line":9,"column":1}}},"s":{"0":1,"1":1,"2":1,"3":1,"4":1,"5":1,"6":1,"7":1,"8":1},"branchMap":{},"b":{},"fnMap":{},"f":{}}
,"/home/lucas/Projects/Personal/rentX/src/modules/cars/repositories/index.ts": {"path":"/home/lucas/Projects/Personal/rentX/src/modules/cars/repositories/index.ts","all":false,"statementMap":{"0":{"start":{"line":1,"column":0},"end":{"line":1,"column":56}},"1":{"start":{"line":2,"column":0},"end":{"line":2,"column":61}},"2":{"start":{"line":3,"column":0},"end":{"line":3,"column":39}},"3":{"start":{"line":4,"column":0},"end":{"line":4,"column":43}}},"s":{"0":1,"1":1,"2":1,"3":1},"branchMap":{},"b":{},"fnMap":{},"f":{}}
,"/home/lucas/Projects/Personal/rentX/src/modules/cars/repositories/in-memory/CategoriesRepositoryInMemory.ts": {"path":"/home/lucas/Projects/Personal/rentX/src/modules/cars/repositories/in-memory/CategoriesRepositoryInMemory.ts","all":false,"statementMap":{"0":{"start":{"line":1,"column":0},"end":{"line":1,"column":60}},"1":{"start":{"line":2,"column":0},"end":{"line":2,"column":63}},"2":{"start":{"line":3,"column":0},"end":{"line":3,"column":64}},"3":{"start":{"line":4,"column":0},"end":{"line":4,"column":0}},"4":{"start":{"line":5,"column":0},"end":{"line":5,"column":69}},"5":{"start":{"line":6,"column":0},"end":{"line":6,"column":32}},"6":{"start":{"line":7,"column":0},"end":{"line":7,"column":0}},"7":{"start":{"line":8,"column":0},"end":{"line":8,"column":17}},"8":{"start":{"line":9,"column":0},"end":{"line":9,"column":24}},"9":{"start":{"line":10,"column":0},"end":{"line":10,"column":3}},"10":{"start":{"line":11,"column":0},"end":{"line":11,"column":0}},"11":{"start":{"line":12,"column":0},"end":{"line":12,"column":79}},"12":{"start":{"line":13,"column":0},"end":{"line":13,"column":52}},"13":{"start":{"line":14,"column":0},"end":{"line":14,"column":0}},"14":{"start":{"line":15,"column":0},"end":{"line":15,"column":29}},"15":{"start":{"line":16,"column":0},"end":{"line":16,"column":3}},"16":{"start":{"line":17,"column":0},"end":{"line":17,"column":0}},"17":{"start":{"line":18,"column":0},"end":{"line":18,"column":49}},"18":{"start":{"line":19,"column":0},"end":{"line":19,"column":34}},"19":{"start":{"line":20,"column":0},"end":{"line":20,"column":3}},"20":{"start":{"line":21,"column":0},"end":{"line":21,"column":0}},"21":{"start":{"line":22,"column":0},"end":{"line":22,"column":37}},"22":{"start":{"line":23,"column":0},"end":{"line":23,"column":26}},"23":{"start":{"line":24,"column":0},"end":{"line":24,"column":3}},"24":{"start":{"line":25,"column":0},"end":{"line":25,"column":0}},"25":{"start":{"line":26,"column":0},"end":{"line":26,"column":65}},"26":{"start":{"line":27,"column":0},"end":{"line":27,"column":69}},"27":{"start":{"line":28,"column":0},"end":{"line":28,"column":3}},"28":{"start":{"line":29,"column":0},"end":{"line":29,"column":1}},"29":{"start":{"line":30,"column":0},"end":{"line":30,"column":0}},"30":{"start":{"line":31,"column":0},"end":{"line":31,"column":39}}},"s":{"0":1,"1":1,"2":1,"3":1,"4":1,"5":1,"6":1,"7":1,"8":3,"9":3,"10":1,"11":1,"12":11,"13":11,"14":11,"15":11,"16":1,"17":1,"18":11,"19":11,"20":1,"21":1,"22":1,"23":1,"24":1,"25":1,"26":13,"27":13,"28":1,"29":1,"30":1},"branchMap":{"0":{"type":"branch","line":8,"loc":{"start":{"line":8,"column":2},"end":{"line":10,"column":3}},"locations":[{"start":{"line":8,"column":2},"end":{"line":10,"column":3}}]},"1":{"type":"branch","line":12,"loc":{"start":{"line":12,"column":8},"end":{"line":16,"column":3}},"locations":[{"start":{"line":12,"column":8},"end":{"line":16,"column":3}}]},"2":{"type":"branch","line":18,"loc":{"start":{"line":18,"column":8},"end":{"line":20,"column":3}},"locations":[{"start":{"line":18,"column":8},"end":{"line":20,"column":3}}]},"3":{"type":"branch","line":22,"loc":{"start":{"line":22,"column":8},"end":{"line":24,"column":3}},"locations":[{"start":{"line":22,"column":8},"end":{"line":24,"column":3}}]},"4":{"type":"branch","line":26,"loc":{"start":{"line":26,"column":8},"end":{"line":28,"column":3}},"locations":[{"start":{"line":26,"column":8},"end":{"line":28,"column":3}}]},"5":{"type":"branch","line":27,"loc":{"start":{"line":27,"column":32},"end":{"line":27,"column":68}},"locations":[{"start":{"line":27,"column":32},"end":{"line":27,"column":68}}]}},"b":{"0":[3],"1":[11],"2":[11],"3":[1],"4":[13],"5":[2]},"fnMap":{"0":{"name":"CategoriesRepositoryInMemory","decl":{"start":{"line":8,"column":2},"end":{"line":10,"column":3}},"loc":{"start":{"line":8,"column":2},"end":{"line":10,"column":3}},"line":8},"1":{"name":"create","decl":{"start":{"line":12,"column":8},"end":{"line":16,"column":3}},"loc":{"start":{"line":12,"column":8},"end":{"line":16,"column":3}},"line":12},"2":{"name":"save","decl":{"start":{"line":18,"column":8},"end":{"line":20,"column":3}},"loc":{"start":{"line":18,"column":8},"end":{"line":20,"column":3}},"line":18},"3":{"name":"list","decl":{"start":{"line":22,"column":8},"end":{"line":24,"column":3}},"loc":{"start":{"line":22,"column":8},"end":{"line":24,"column":3}},"line":22},"4":{"name":"findByName","decl":{"start":{"line":26,"column":8},"end":{"line":28,"column":3}},"loc":{"start":{"line":26,"column":8},"end":{"line":28,"column":3}},"line":26}},"f":{"0":3,"1":11,"2":11,"3":1,"4":13}}
,"/home/lucas/Projects/Personal/rentX/src/modules/cars/repositories/in-memory/SpecificationsRespositoryInMemory.ts": {"path":"/home/lucas/Projects/Personal/rentX/src/modules/cars/repositories/in-memory/SpecificationsRespositoryInMemory.ts","all":false,"statementMap":{"0":{"start":{"line":1,"column":0},"end":{"line":1,"column":65}},"1":{"start":{"line":2,"column":0},"end":{"line":2,"column":68}},"2":{"start":{"line":3,"column":0},"end":{"line":3,"column":72}},"3":{"start":{"line":4,"column":0},"end":{"line":4,"column":0}},"4":{"start":{"line":5,"column":0},"end":{"line":5,"column":78}},"5":{"start":{"line":6,"column":0},"end":{"line":6,"column":41}},"6":{"start":{"line":7,"column":0},"end":{"line":7,"column":0}},"7":{"start":{"line":8,"column":0},"end":{"line":8,"column":17}},"8":{"start":{"line":9,"column":0},"end":{"line":9,"column":28}},"9":{"start":{"line":10,"column":0},"end":{"line":10,"column":3}},"10":{"start":{"line":11,"column":0},"end":{"line":11,"column":0}},"11":{"start":{"line":12,"column":0},"end":{"line":12,"column":16}},"12":{"start":{"line":13,"column":0},"end":{"line":13,"column":9}},"13":{"start":{"line":14,"column":0},"end":{"line":14,"column":15}},"14":{"start":{"line":15,"column":0},"end":{"line":15,"column":51}},"15":{"start":{"line":16,"column":0},"end":{"line":16,"column":62}},"16":{"start":{"line":17,"column":0},"end":{"line":17,"column":0}},"17":{"start":{"line":18,"column":0},"end":{"line":18,"column":34}},"18":{"start":{"line":19,"column":0},"end":{"line":19,"column":3}},"19":{"start":{"line":20,"column":0},"end":{"line":20,"column":0}},"20":{"start":{"line":21,"column":0},"end":{"line":21,"column":59}},"21":{"start":{"line":22,"column":0},"end":{"line":22,"column":43}},"22":{"start":{"line":23,"column":0},"end":{"line":23,"column":3}},"23":{"start":{"line":24,"column":0},"end":{"line":24,"column":0}},"24":{"start":{"line":25,"column":0},"end":{"line":25,"column":42}},"25":{"start":{"line":26,"column":0},"end":{"line":26,"column":30}},"26":{"start":{"line":27,"column":0},"end":{"line":27,"column":3}},"27":{"start":{"line":28,"column":0},"end":{"line":28,"column":0}},"28":{"start":{"line":29,"column":0},"end":{"line":29,"column":70}},"29":{"start":{"line":30,"column":0},"end":{"line":30,"column":36}},"30":{"start":{"line":31,"column":0},"end":{"line":31,"column":52}},"31":{"start":{"line":32,"column":0},"end":{"line":32,"column":5}},"32":{"start":{"line":33,"column":0},"end":{"line":33,"column":3}},"33":{"start":{"line":34,"column":0},"end":{"line":34,"column":1}},"34":{"start":{"line":35,"column":0},"end":{"line":35,"column":0}},"35":{"start":{"line":36,"column":0},"end":{"line":36,"column":44}}},"s":{"0":1,"1":1,"2":1,"3":1,"4":1,"5":1,"6":1,"7":1,"8":3,"9":3,"10":1,"11":1,"12":11,"13":11,"14":11,"15":11,"16":11,"17":11,"18":11,"19":1,"20":1,"21":11,"22":11,"23":1,"24":1,"25":1,"26":1,"27":1,"28":1,"29":13,"30":13,"31":13,"32":13,"33":1,"34":1,"35":1},"branchMap":{"0":{"type":"branch","line":8,"loc":{"start":{"line":8,"column":2},"end":{"line":10,"column":3}},"locations":[{"start":{"line":8,"column":2},"end":{"line":10,"column":3}}]},"1":{"type":"branch","line":12,"loc":{"start":{"line":12,"column":8},"end":{"line":19,"column":3}},"locations":[{"start":{"line":12,"column":8},"end":{"line":19,"column":3}}]},"2":{"type":"branch","line":21,"loc":{"start":{"line":21,"column":8},"end":{"line":23,"column":3}},"locations":[{"start":{"line":21,"column":8},"end":{"line":23,"column":3}}]},"3":{"type":"branch","line":25,"loc":{"start":{"line":25,"column":8},"end":{"line":27,"column":3}},"locations":[{"start":{"line":25,"column":8},"end":{"line":27,"column":3}}]},"4":{"type":"branch","line":29,"loc":{"start":{"line":29,"column":8},"end":{"line":33,"column":3}},"locations":[{"start":{"line":29,"column":8},"end":{"line":33,"column":3}}]},"5":{"type":"branch","line":31,"loc":{"start":{"line":31,"column":6},"end":{"line":31,"column":52}},"locations":[{"start":{"line":31,"column":6},"end":{"line":31,"column":52}}]}},"b":{"0":[3],"1":[11],"2":[11],"3":[1],"4":[13],"5":[2]},"fnMap":{"0":{"name":"SpecificationsRespositoryInMemory","decl":{"start":{"line":8,"column":2},"end":{"line":10,"column":3}},"loc":{"start":{"line":8,"column":2},"end":{"line":10,"column":3}},"line":8},"1":{"name":"create","decl":{"start":{"line":12,"column":8},"end":{"line":19,"column":3}},"loc":{"start":{"line":12,"column":8},"end":{"line":19,"column":3}},"line":12},"2":{"name":"save","decl":{"start":{"line":21,"column":8},"end":{"line":23,"column":3}},"loc":{"start":{"line":21,"column":8},"end":{"line":23,"column":3}},"line":21},"3":{"name":"list","decl":{"start":{"line":25,"column":8},"end":{"line":27,"column":3}},"loc":{"start":{"line":25,"column":8},"end":{"line":27,"column":3}},"line":25},"4":{"name":"findByName","decl":{"start":{"line":29,"column":8},"end":{"line":33,"column":3}},"loc":{"start":{"line":29,"column":8},"end":{"line":33,"column":3}},"line":29}},"f":{"0":3,"1":11,"2":11,"3":1,"4":13}}
,"/home/lucas/Projects/Personal/rentX/src/modules/cars/useCases/categoryCreation/CategoryCreationUseCase.ts": {"path":"/home/lucas/Projects/Personal/rentX/src/modules/cars/useCases/categoryCreation/CategoryCreationUseCase.ts","all":false,"statementMap":{"0":{"start":{"line":1,"column":0},"end":{"line":1,"column":45}},"1":{"start":{"line":2,"column":0},"end":{"line":2,"column":0}},"2":{"start":{"line":3,"column":0},"end":{"line":3,"column":41}},"3":{"start":{"line":4,"column":0},"end":{"line":4,"column":60}},"4":{"start":{"line":5,"column":0},"end":{"line":5,"column":66}},"5":{"start":{"line":6,"column":0},"end":{"line":6,"column":63}},"6":{"start":{"line":7,"column":0},"end":{"line":7,"column":0}},"7":{"start":{"line":8,"column":0},"end":{"line":8,"column":13}},"8":{"start":{"line":9,"column":0},"end":{"line":9,"column":31}},"9":{"start":{"line":10,"column":0},"end":{"line":10,"column":14}},"10":{"start":{"line":11,"column":0},"end":{"line":11,"column":35}},"11":{"start":{"line":12,"column":0},"end":{"line":12,"column":55}},"12":{"start":{"line":13,"column":0},"end":{"line":13,"column":6}},"13":{"start":{"line":14,"column":0},"end":{"line":14,"column":0}},"14":{"start":{"line":15,"column":0},"end":{"line":15,"column":80}},"15":{"start":{"line":16,"column":0},"end":{"line":16,"column":77}},"16":{"start":{"line":17,"column":0},"end":{"line":17,"column":10}},"17":{"start":{"line":18,"column":0},"end":{"line":18,"column":5}},"18":{"start":{"line":19,"column":0},"end":{"line":19,"column":0}},"19":{"start":{"line":20,"column":0},"end":{"line":20,"column":32}},"20":{"start":{"line":21,"column":0},"end":{"line":21,"column":51}},"21":{"start":{"line":22,"column":0},"end":{"line":22,"column":5}},"22":{"start":{"line":23,"column":0},"end":{"line":23,"column":0}},"23":{"start":{"line":24,"column":0},"end":{"line":24,"column":65}},"24":{"start":{"line":25,"column":0},"end":{"line":25,"column":3}},"25":{"start":{"line":26,"column":0},"end":{"line":26,"column":1}},"26":{"start":{"line":27,"column":0},"end":{"line":27,"column":0}},"27":{"start":{"line":28,"column":0},"end":{"line":28,"column":34}}},"s":{"0":1,"1":1,"2":1,"3":1,"4":1,"5":1,"6":1,"7":1,"8":1,"9":1,"10":3,"11":3,"12":3,"13":1,"14":1,"15":12,"16":12,"17":12,"18":12,"19":12,"20":1,"21":1,"22":11,"23":11,"24":11,"25":1,"26":1,"27":1},"branchMap":{"0":{"type":"branch","line":10,"loc":{"start":{"line":10,"column":2},"end":{"line":13,"column":6}},"locations":[{"start":{"line":10,"column":2},"end":{"line":13,"column":6}}]},"1":{"type":"branch","line":15,"loc":{"start":{"line":15,"column":8},"end":{"line":25,"column":3}},"locations":[{"start":{"line":15,"column":8},"end":{"line":25,"column":3}}]},"2":{"type":"branch","line":20,"loc":{"start":{"line":20,"column":31},"end":{"line":22,"column":5}},"locations":[{"start":{"line":20,"column":31},"end":{"line":22,"column":5}}]},"3":{"type":"branch","line":23,"loc":{"start":{"line":23,"column":-1},"end":{"line":25,"column":3}},"locations":[{"start":{"line":23,"column":-1},"end":{"line":25,"column":3}}]}},"b":{"0":[3],"1":[12],"2":[1],"3":[11]},"fnMap":{"0":{"name":"CategoryCreationUseCase","decl":{"start":{"line":10,"column":2},"end":{"line":13,"column":6}},"loc":{"start":{"line":10,"column":2},"end":{"line":13,"column":6}},"line":10},"1":{"name":"execute","decl":{"start":{"line":15,"column":8},"end":{"line":25,"column":3}},"loc":{"start":{"line":15,"column":8},"end":{"line":25,"column":3}},"line":15}},"f":{"0":3,"1":12}}
,"/home/lucas/Projects/Personal/rentX/src/modules/cars/useCases/categoryListing/CategoryListingUseCase.ts": {"path":"/home/lucas/Projects/Personal/rentX/src/modules/cars/useCases/categoryListing/CategoryListingUseCase.ts","all":false,"statementMap":{"0":{"start":{"line":1,"column":0},"end":{"line":1,"column":45}},"1":{"start":{"line":2,"column":0},"end":{"line":2,"column":0}},"2":{"start":{"line":3,"column":0},"end":{"line":3,"column":63}},"3":{"start":{"line":4,"column":0},"end":{"line":4,"column":66}},"4":{"start":{"line":5,"column":0},"end":{"line":5,"column":0}},"5":{"start":{"line":6,"column":0},"end":{"line":6,"column":13}},"6":{"start":{"line":7,"column":0},"end":{"line":7,"column":30}},"7":{"start":{"line":8,"column":0},"end":{"line":8,"column":14}},"8":{"start":{"line":9,"column":0},"end":{"line":9,"column":35}},"9":{"start":{"line":10,"column":0},"end":{"line":10,"column":55}},"10":{"start":{"line":11,"column":0},"end":{"line":11,"column":6}},"11":{"start":{"line":12,"column":0},"end":{"line":12,"column":0}},"12":{"start":{"line":13,"column":0},"end":{"line":13,"column":40}},"13":{"start":{"line":14,"column":0},"end":{"line":14,"column":43}},"14":{"start":{"line":15,"column":0},"end":{"line":15,"column":3}},"15":{"start":{"line":16,"column":0},"end":{"line":16,"column":1}},"16":{"start":{"line":17,"column":0},"end":{"line":17,"column":0}},"17":{"start":{"line":18,"column":0},"end":{"line":18,"column":33}}},"s":{"0":1,"1":1,"2":1,"3":1,"4":1,"5":1,"6":1,"7":1,"8":1,"9":1,"10":1,"11":1,"12":1,"13":1,"14":1,"15":1,"16":1,"17":1},"branchMap":{"0":{"type":"branch","line":8,"loc":{"start":{"line":8,"column":2},"end":{"line":11,"column":6}},"locations":[{"start":{"line":8,"column":2},"end":{"line":11,"column":6}}]},"1":{"type":"branch","line":13,"loc":{"start":{"line":13,"column":8},"end":{"line":15,"column":3}},"locations":[{"start":{"line":13,"column":8},"end":{"line":15,"column":3}}]}},"b":{"0":[1],"1":[1]},"fnMap":{"0":{"name":"CategoryListingUseCase","decl":{"start":{"line":8,"column":2},"end":{"line":11,"column":6}},"loc":{"start":{"line":8,"column":2},"end":{"line":11,"column":6}},"line":8},"1":{"name":"execute","decl":{"start":{"line":13,"column":8},"end":{"line":15,"column":3}},"loc":{"start":{"line":13,"column":8},"end":{"line":15,"column":3}},"line":13}},"f":{"0":1,"1":1}}
,"/home/lucas/Projects/Personal/rentX/src/modules/cars/useCases/specificationCreation/SpecificationCreationUseCase.ts": {"path":"/home/lucas/Projects/Personal/rentX/src/modules/cars/useCases/specificationCreation/SpecificationCreationUseCase.ts","all":false,"statementMap":{"0":{"start":{"line":1,"column":0},"end":{"line":1,"column":45}},"1":{"start":{"line":2,"column":0},"end":{"line":2,"column":0}},"2":{"start":{"line":3,"column":0},"end":{"line":3,"column":41}},"3":{"start":{"line":4,"column":0},"end":{"line":4,"column":65}},"4":{"start":{"line":5,"column":0},"end":{"line":5,"column":70}},"5":{"start":{"line":6,"column":0},"end":{"line":6,"column":0}},"6":{"start":{"line":7,"column":0},"end":{"line":7,"column":13}},"7":{"start":{"line":8,"column":0},"end":{"line":8,"column":36}},"8":{"start":{"line":9,"column":0},"end":{"line":9,"column":14}},"9":{"start":{"line":10,"column":0},"end":{"line":10,"column":39}},"10":{"start":{"line":11,"column":0},"end":{"line":11,"column":63}},"11":{"start":{"line":12,"column":0},"end":{"line":12,"column":6}},"12":{"start":{"line":13,"column":0},"end":{"line":13,"column":0}},"13":{"start":{"line":14,"column":0},"end":{"line":14,"column":17}},"14":{"start":{"line":15,"column":0},"end":{"line":15,"column":9}},"15":{"start":{"line":16,"column":0},"end":{"line":16,"column":15}},"16":{"start":{"line":17,"column":0},"end":{"line":17,"column":51}},"17":{"start":{"line":18,"column":0},"end":{"line":18,"column":38}},"18":{"start":{"line":19,"column":0},"end":{"line":19,"column":58}},"19":{"start":{"line":20,"column":0},"end":{"line":20,"column":0}},"20":{"start":{"line":21,"column":0},"end":{"line":21,"column":37}},"21":{"start":{"line":22,"column":0},"end":{"line":22,"column":56}},"22":{"start":{"line":23,"column":0},"end":{"line":23,"column":5}},"23":{"start":{"line":24,"column":0},"end":{"line":24,"column":0}},"24":{"start":{"line":25,"column":0},"end":{"line":25,"column":69}},"25":{"start":{"line":26,"column":0},"end":{"line":26,"column":3}},"26":{"start":{"line":27,"column":0},"end":{"line":27,"column":1}},"27":{"start":{"line":28,"column":0},"end":{"line":28,"column":0}},"28":{"start":{"line":29,"column":0},"end":{"line":29,"column":39}}},"s":{"0":1,"1":1,"2":1,"3":1,"4":1,"5":1,"6":1,"7":1,"8":1,"9":3,"10":3,"11":3,"12":1,"13":1,"14":12,"15":12,"16":12,"17":12,"18":12,"19":12,"20":12,"21":1,"22":1,"23":11,"24":11,"25":11,"26":1,"27":1,"28":1},"branchMap":{"0":{"type":"branch","line":9,"loc":{"start":{"line":9,"column":2},"end":{"line":12,"column":6}},"locations":[{"start":{"line":9,"column":2},"end":{"line":12,"column":6}}]},"1":{"type":"branch","line":14,"loc":{"start":{"line":14,"column":8},"end":{"line":26,"column":3}},"locations":[{"start":{"line":14,"column":8},"end":{"line":26,"column":3}}]},"2":{"type":"branch","line":21,"loc":{"start":{"line":21,"column":36},"end":{"line":23,"column":5}},"locations":[{"start":{"line":21,"column":36},"end":{"line":23,"column":5}}]},"3":{"type":"branch","line":24,"loc":{"start":{"line":24,"column":-1},"end":{"line":26,"column":3}},"locations":[{"start":{"line":24,"column":-1},"end":{"line":26,"column":3}}]}},"b":{"0":[3],"1":[12],"2":[1],"3":[11]},"fnMap":{"0":{"name":"SpecificationCreationUseCase","decl":{"start":{"line":9,"column":2},"end":{"line":12,"column":6}},"loc":{"start":{"line":9,"column":2},"end":{"line":12,"column":6}},"line":9},"1":{"name":"execute","decl":{"start":{"line":14,"column":8},"end":{"line":26,"column":3}},"loc":{"start":{"line":14,"column":8},"end":{"line":26,"column":3}},"line":14}},"f":{"0":3,"1":12}}
,"/home/lucas/Projects/Personal/rentX/src/modules/cars/useCases/specificationListing/SpecificationListingUseCase.ts": {"path":"/home/lucas/Projects/Personal/rentX/src/modules/cars/useCases/specificationListing/SpecificationListingUseCase.ts","all":false,"statementMap":{"0":{"start":{"line":1,"column":0},"end":{"line":1,"column":45}},"1":{"start":{"line":2,"column":0},"end":{"line":2,"column":0}},"2":{"start":{"line":3,"column":0},"end":{"line":3,"column":68}},"3":{"start":{"line":4,"column":0},"end":{"line":4,"column":70}},"4":{"start":{"line":5,"column":0},"end":{"line":5,"column":0}},"5":{"start":{"line":6,"column":0},"end":{"line":6,"column":13}},"6":{"start":{"line":7,"column":0},"end":{"line":7,"column":35}},"7":{"start":{"line":8,"column":0},"end":{"line":8,"column":14}},"8":{"start":{"line":9,"column":0},"end":{"line":9,"column":39}},"9":{"start":{"line":10,"column":0},"end":{"line":10,"column":63}},"10":{"start":{"line":11,"column":0},"end":{"line":11,"column":6}},"11":{"start":{"line":12,"column":0},"end":{"line":12,"column":0}},"12":{"start":{"line":13,"column":0},"end":{"line":13,"column":45}},"13":{"start":{"line":14,"column":0},"end":{"line":14,"column":47}},"14":{"start":{"line":15,"column":0},"end":{"line":15,"column":3}},"15":{"start":{"line":16,"column":0},"end":{"line":16,"column":1}},"16":{"start":{"line":17,"column":0},"end":{"line":17,"column":0}},"17":{"start":{"line":18,"column":0},"end":{"line":18,"column":38}}},"s":{"0":1,"1":1,"2":1,"3":1,"4":1,"5":1,"6":1,"7":1,"8":1,"9":1,"10":1,"11":1,"12":1,"13":1,"14":1,"15":1,"16":1,"17":1},"branchMap":{"0":{"type":"branch","line":8,"loc":{"start":{"line":8,"column":2},"end":{"line":11,"column":6}},"locations":[{"start":{"line":8,"column":2},"end":{"line":11,"column":6}}]},"1":{"type":"branch","line":13,"loc":{"start":{"line":13,"column":8},"end":{"line":15,"column":3}},"locations":[{"start":{"line":13,"column":8},"end":{"line":15,"column":3}}]}},"b":{"0":[1],"1":[1]},"fnMap":{"0":{"name":"SpecificationListingUseCase","decl":{"start":{"line":8,"column":2},"end":{"line":11,"column":6}},"loc":{"start":{"line":8,"column":2},"end":{"line":11,"column":6}},"line":8},"1":{"name":"execute","decl":{"start":{"line":13,"column":8},"end":{"line":15,"column":3}},"loc":{"start":{"line":13,"column":8},"end":{"line":15,"column":3}},"line":13}},"f":{"0":1,"1":1}}
,"/home/lucas/Projects/Personal/rentX/src/shared/errors/AppError.ts": {"path":"/home/lucas/Projects/Personal/rentX/src/shared/errors/AppError.ts","all":false,"statementMap":{"0":{"start":{"line":1,"column":0},"end":{"line":1,"column":23}},"1":{"start":{"line":2,"column":0},"end":{"line":2,"column":33}},"2":{"start":{"line":3,"column":0},"end":{"line":3,"column":36}},"3":{"start":{"line":4,"column":0},"end":{"line":4,"column":0}},"4":{"start":{"line":5,"column":0},"end":{"line":5,"column":50}},"5":{"start":{"line":6,"column":0},"end":{"line":6,"column":26}},"6":{"start":{"line":7,"column":0},"end":{"line":7,"column":32}},"7":{"start":{"line":8,"column":0},"end":{"line":8,"column":3}},"8":{"start":{"line":9,"column":0},"end":{"line":9,"column":1}}},"s":{"0":1,"1":1,"2":1,"3":1,"4":1,"5":3,"6":3,"7":3,"8":1},"branchMap":{"0":{"type":"branch","line":5,"loc":{"start":{"line":5,"column":2},"end":{"line":8,"column":3}},"locations":[{"start":{"line":5,"column":2},"end":{"line":8,"column":3}}]}},"b":{"0":[3]},"fnMap":{"0":{"name":"AppError","decl":{"start":{"line":5,"column":2},"end":{"line":8,"column":3}},"loc":{"start":{"line":5,"column":2},"end":{"line":8,"column":3}},"line":5}},"f":{"0":3}}
,"/home/lucas/Projects/Personal/rentX/src/shared/errors/index.ts": {"path":"/home/lucas/Projects/Personal/rentX/src/shared/errors/index.ts","all":false,"statementMap":{"0":{"start":{"line":1,"column":0},"end":{"line":1,"column":26}}},"s":{"0":1},"branchMap":{},"b":{},"fnMap":{},"f":{}}
}
