TN:
SF:src/modules/accounts/infra/typeorm/entities/User.ts
FN:33,User
FNF:1
FNH:1
FNDA:2,User
DA:1,1
DA:2,1
DA:3,1
DA:4,1
DA:5,1
DA:6,1
DA:7,1
DA:8,1
DA:9,1
DA:10,1
DA:11,1
DA:12,1
DA:13,1
DA:14,1
DA:15,1
DA:16,1
DA:17,1
DA:18,1
DA:19,1
DA:20,1
DA:21,1
DA:22,1
DA:23,1
DA:24,1
DA:25,1
DA:26,1
DA:27,1
DA:28,1
DA:29,1
DA:30,1
DA:31,1
DA:32,1
DA:33,1
DA:34,2
DA:35,2
DA:36,2
DA:37,2
DA:38,2
DA:39,2
DA:40,2
DA:41,2
DA:42,2
DA:43,2
DA:44,2
DA:45,2
DA:46,2
DA:47,2
DA:48,2
DA:49,2
DA:50,2
DA:51,1
DA:52,1
DA:53,1
LF:53
LH:53
BRDA:33,0,0,2
BRF:1
BRH:1
end_of_record
TN:
SF:src/modules/accounts/infra/typeorm/entities/index.ts
FNF:0
FNH:0
DA:1,1
LF:1
LH:1
BRF:0
BRH:0
end_of_record
TN:
SF:src/modules/accounts/repositories/IUsersRepository.ts
FNF:0
FNH:0
DA:1,1
DA:2,1
DA:3,1
DA:4,1
DA:5,1
DA:6,1
DA:7,1
DA:8,1
DA:9,1
DA:10,1
DA:11,1
DA:12,1
LF:12
LH:12
BRF:0
BRH:0
end_of_record
TN:
SF:src/modules/accounts/repositories/index.ts
FNF:0
FNH:0
DA:1,1
DA:2,1
LF:2
LH:2
BRF:0
BRH:0
end_of_record
TN:
SF:src/modules/accounts/repositories/in-memory/UsersRepositoryInMemory.ts
FN:8,UsersRepositoryInMemory
FN:12,create
FN:25,save
FN:29,findByEmail
FN:33,findById
FN:37,findByUsername
FNF:6
FNH:5
FNDA:6,UsersRepositoryInMemory
FNDA:2,create
FNDA:2,save
FNDA:8,findByEmail
FNDA:0,findById
FNDA:5,findByUsername
DA:1,1
DA:2,1
DA:3,1
DA:4,1
DA:5,1
DA:6,1
DA:7,1
DA:8,1
DA:9,6
DA:10,6
DA:11,1
DA:12,1
DA:13,2
DA:14,2
DA:15,2
DA:16,2
DA:17,2
DA:18,2
DA:19,2
DA:20,2
DA:21,2
DA:22,2
DA:23,2
DA:24,1
DA:25,1
DA:26,2
DA:27,2
DA:28,1
DA:29,1
DA:30,8
DA:31,8
DA:32,1
DA:33,1
DA:34,0
DA:35,0
DA:36,1
DA:37,1
DA:38,5
DA:39,5
DA:40,1
DA:41,1
DA:42,1
LF:42
LH:40
BRDA:8,0,0,6
BRDA:12,1,0,2
BRDA:25,2,0,2
BRDA:29,3,0,8
BRDA:30,4,0,2
BRDA:37,5,0,5
BRF:6
BRH:6
end_of_record
TN:
SF:src/modules/accounts/useCases/userAuthentication/UserAuthenticationUseCase.ts
FN:14,UserAuthenticationUseCase
FN:19,execute
FNF:2
FNH:2
FNDA:3,UserAuthenticationUseCase
FNDA:2,execute
DA:1,1
DA:2,1
DA:3,1
DA:4,1
DA:5,1
DA:6,1
DA:7,1
DA:8,1
DA:9,1
DA:10,1
DA:11,1
DA:12,1
DA:13,1
DA:14,1
DA:15,3
DA:16,3
DA:17,3
DA:18,1
DA:19,1
DA:20,2
DA:21,2
DA:22,2
DA:23,2
DA:24,2
DA:25,2
DA:26,1
DA:27,1
DA:28,1
DA:29,1
DA:30,1
DA:31,2
DA:32,0
DA:33,0
DA:34,1
DA:35,1
DA:36,1
DA:37,1
DA:38,1
DA:39,1
DA:40,1
DA:41,1
DA:42,1
DA:43,1
DA:44,1
DA:45,1
DA:46,1
DA:47,1
DA:48,1
DA:49,1
DA:50,1
LF:50
LH:48
BRDA:14,0,0,3
BRDA:19,1,0,2
BRDA:25,2,0,1
BRDA:31,3,0,0
BRDA:34,4,0,1
BRF:5
BRH:4
end_of_record
TN:
SF:src/modules/accounts/useCases/userCreation/UserCreationUseCase.ts
FN:10,UserCreationUseCase
FN:15,execute
FNF:2
FNH:2
FNDA:6,UserCreationUseCase
FNDA:5,execute
DA:1,1
DA:2,1
DA:3,1
DA:4,1
DA:5,1
DA:6,1
DA:7,1
DA:8,1
DA:9,1
DA:10,1
DA:11,6
DA:12,6
DA:13,6
DA:14,1
DA:15,1
DA:16,5
DA:17,5
DA:18,5
DA:19,5
DA:20,5
DA:21,5
DA:22,5
DA:23,5
DA:24,5
DA:25,0
DA:26,0
DA:27,5
DA:28,5
DA:29,5
DA:30,5
DA:31,5
DA:32,5
DA:33,0
DA:34,0
DA:35,5
DA:36,5
DA:37,2
DA:38,2
DA:39,2
DA:40,2
DA:41,2
DA:42,2
DA:43,2
DA:44,2
DA:45,2
DA:46,1
DA:47,1
DA:48,1
LF:48
LH:44
BRDA:10,0,0,6
BRDA:15,1,0,5
BRDA:24,2,0,0
BRDA:32,3,0,0
BRDA:37,4,0,2
BRF:5
BRH:3
end_of_record
TN:
SF:src/modules/cars/infra/typeorm/entities/Category.ts
FN:18,Category
FNF:1
FNH:1
FNDA:11,Category
DA:1,1
DA:2,1
DA:3,1
DA:4,1
DA:5,1
DA:6,1
DA:7,1
DA:8,1
DA:9,1
DA:10,1
DA:11,1
DA:12,1
DA:13,1
DA:14,1
DA:15,1
DA:16,1
DA:17,1
DA:18,1
DA:19,11
DA:20,11
DA:21,11
DA:22,11
DA:23,11
DA:24,1
DA:25,1
DA:26,1
LF:26
LH:26
BRDA:18,0,0,11
BRF:1
BRH:1
end_of_record
TN:
SF:src/modules/cars/infra/typeorm/entities/Specification.ts
FN:18,Specification
FNF:1
FNH:1
FNDA:11,Specification
DA:1,1
DA:2,1
DA:3,1
DA:4,1
DA:5,1
DA:6,1
DA:7,1
DA:8,1
DA:9,1
DA:10,1
DA:11,1
DA:12,1
DA:13,1
DA:14,1
DA:15,1
DA:16,1
DA:17,1
DA:18,1
DA:19,11
DA:20,11
DA:21,11
DA:22,11
DA:23,11
DA:24,1
LF:24
LH:24
BRDA:18,0,0,11
BRF:1
BRH:1
end_of_record
TN:
SF:src/modules/cars/infra/typeorm/entities/index.ts
FNF:0
FNH:0
DA:1,1
DA:2,1
LF:2
LH:2
BRF:0
BRH:0
end_of_record
TN:
SF:src/modules/cars/repositories/ICategoriesRepository.ts
FNF:0
FNH:0
DA:1,1
DA:2,1
DA:3,1
DA:4,1
DA:5,1
DA:6,1
DA:7,1
DA:8,1
DA:9,1
LF:9
LH:9
BRF:0
BRH:0
end_of_record
TN:
SF:src/modules/cars/repositories/ISpecificationsRepository.ts
FNF:0
FNH:0
DA:1,1
DA:2,1
DA:3,1
DA:4,1
DA:5,1
DA:6,1
DA:7,1
DA:8,1
DA:9,1
LF:9
LH:9
BRF:0
BRH:0
end_of_record
TN:
SF:src/modules/cars/repositories/index.ts
FNF:0
FNH:0
DA:1,1
DA:2,1
DA:3,1
DA:4,1
LF:4
LH:4
BRF:0
BRH:0
end_of_record
TN:
SF:src/modules/cars/repositories/in-memory/CategoriesRepositoryInMemory.ts
FN:8,CategoriesRepositoryInMemory
FN:12,create
FN:18,save
FN:22,list
FN:26,findByName
FNF:5
FNH:5
FNDA:3,CategoriesRepositoryInMemory
FNDA:11,create
FNDA:11,save
FNDA:1,list
FNDA:13,findByName
DA:1,1
DA:2,1
DA:3,1
DA:4,1
DA:5,1
DA:6,1
DA:7,1
DA:8,1
DA:9,3
DA:10,3
DA:11,1
DA:12,1
DA:13,11
DA:14,11
DA:15,11
DA:16,11
DA:17,1
DA:18,1
DA:19,11
DA:20,11
DA:21,1
DA:22,1
DA:23,1
DA:24,1
DA:25,1
DA:26,1
DA:27,13
DA:28,13
DA:29,1
DA:30,1
DA:31,1
LF:31
LH:31
BRDA:8,0,0,3
BRDA:12,1,0,11
BRDA:18,2,0,11
BRDA:22,3,0,1
BRDA:26,4,0,13
BRDA:27,5,0,2
BRF:6
BRH:6
end_of_record
TN:
SF:src/modules/cars/repositories/in-memory/SpecificationsRespositoryInMemory.ts
FN:8,SpecificationsRespositoryInMemory
FN:12,create
FN:21,save
FN:25,list
FN:29,findByName
FNF:5
FNH:5
FNDA:3,SpecificationsRespositoryInMemory
FNDA:11,create
FNDA:11,save
FNDA:1,list
FNDA:13,findByName
DA:1,1
DA:2,1
DA:3,1
DA:4,1
DA:5,1
DA:6,1
DA:7,1
DA:8,1
DA:9,3
DA:10,3
DA:11,1
DA:12,1
DA:13,11
DA:14,11
DA:15,11
DA:16,11
DA:17,11
DA:18,11
DA:19,11
DA:20,1
DA:21,1
DA:22,11
DA:23,11
DA:24,1
DA:25,1
DA:26,1
DA:27,1
DA:28,1
DA:29,1
DA:30,13
DA:31,13
DA:32,13
DA:33,13
DA:34,1
DA:35,1
DA:36,1
LF:36
LH:36
BRDA:8,0,0,3
BRDA:12,1,0,11
BRDA:21,2,0,11
BRDA:25,3,0,1
BRDA:29,4,0,13
BRDA:31,5,0,2
BRF:6
BRH:6
end_of_record
TN:
SF:src/modules/cars/useCases/categoryCreation/CategoryCreationUseCase.ts
FN:10,CategoryCreationUseCase
FN:15,execute
FNF:2
FNH:2
FNDA:3,CategoryCreationUseCase
FNDA:12,execute
DA:1,1
DA:2,1
DA:3,1
DA:4,1
DA:5,1
DA:6,1
DA:7,1
DA:8,1
DA:9,1
DA:10,1
DA:11,3
DA:12,3
DA:13,3
DA:14,1
DA:15,1
DA:16,12
DA:17,12
DA:18,12
DA:19,12
DA:20,12
DA:21,1
DA:22,1
DA:23,11
DA:24,11
DA:25,11
DA:26,1
DA:27,1
DA:28,1
LF:28
LH:28
BRDA:10,0,0,3
BRDA:15,1,0,12
BRDA:20,2,0,1
BRDA:23,3,0,11
BRF:4
BRH:4
end_of_record
TN:
SF:src/modules/cars/useCases/categoryListing/CategoryListingUseCase.ts
FN:8,CategoryListingUseCase
FN:13,execute
FNF:2
FNH:2
FNDA:1,CategoryListingUseCase
FNDA:1,execute
DA:1,1
DA:2,1
DA:3,1
DA:4,1
DA:5,1
DA:6,1
DA:7,1
DA:8,1
DA:9,1
DA:10,1
DA:11,1
DA:12,1
DA:13,1
DA:14,1
DA:15,1
DA:16,1
DA:17,1
DA:18,1
LF:18
LH:18
BRDA:8,0,0,1
BRDA:13,1,0,1
BRF:2
BRH:2
end_of_record
TN:
SF:src/modules/cars/useCases/specificationCreation/SpecificationCreationUseCase.ts
FN:9,SpecificationCreationUseCase
FN:14,execute
FNF:2
FNH:2
FNDA:3,SpecificationCreationUseCase
FNDA:12,execute
DA:1,1
DA:2,1
DA:3,1
DA:4,1
DA:5,1
DA:6,1
DA:7,1
DA:8,1
DA:9,1
DA:10,3
DA:11,3
DA:12,3
DA:13,1
DA:14,1
DA:15,12
DA:16,12
DA:17,12
DA:18,12
DA:19,12
DA:20,12
DA:21,12
DA:22,1
DA:23,1
DA:24,11
DA:25,11
DA:26,11
DA:27,1
DA:28,1
DA:29,1
LF:29
LH:29
BRDA:9,0,0,3
BRDA:14,1,0,12
BRDA:21,2,0,1
BRDA:24,3,0,11
BRF:4
BRH:4
end_of_record
TN:
SF:src/modules/cars/useCases/specificationListing/SpecificationListingUseCase.ts
FN:8,SpecificationListingUseCase
FN:13,execute
FNF:2
FNH:2
FNDA:1,SpecificationListingUseCase
FNDA:1,execute
DA:1,1
DA:2,1
DA:3,1
DA:4,1
DA:5,1
DA:6,1
DA:7,1
DA:8,1
DA:9,1
DA:10,1
DA:11,1
DA:12,1
DA:13,1
DA:14,1
DA:15,1
DA:16,1
DA:17,1
DA:18,1
LF:18
LH:18
BRDA:8,0,0,1
BRDA:13,1,0,1
BRF:2
BRH:2
end_of_record
TN:
SF:src/shared/errors/AppError.ts
FN:5,AppError
FNF:1
FNH:1
FNDA:3,AppError
DA:1,1
DA:2,1
DA:3,1
DA:4,1
DA:5,1
DA:6,3
DA:7,3
DA:8,3
DA:9,1
LF:9
LH:9
BRDA:5,0,0,3
BRF:1
BRH:1
end_of_record
TN:
SF:src/shared/errors/index.ts
FNF:0
FNH:0
DA:1,1
LF:1
LH:1
BRF:0
BRH:0
end_of_record
